<?xml version="1.0" encoding="UTF-8"?>
<!-- Generated by org.testng.reporters.JUnitReportReporter -->
<testsuite skipped="0" hostname="Siva" name="com.newtours.tests.BookFlightTest" tests="20" failures="0" timestamp="12 Jul 2020 13:56:32 GMT" time="56.421" errors="0">
  <testcase name="findFlightPage" time="2.943" classname="com.newtours.tests.BookFlightTest"/>
  <testcase name="registrationConfirmationPage" time="1.305" classname="com.newtours.tests.BookFlightTest"/>
  <testcase name="flightDetailsPage" time="1.369" classname="com.newtours.tests.BookFlightTest"/>
  <testcase name="flightDetailsPage" time="1.536" classname="com.newtours.tests.BookFlightTest"/>
  <testcase name="registrationPage" time="7.970" classname="com.newtours.tests.BookFlightTest"/>
  <testcase name="flightDetailsPage" time="1.573" classname="com.newtours.tests.BookFlightTest"/>
  <testcase name="registrationPage" time="6.072" classname="com.newtours.tests.BookFlightTest"/>
  <testcase name="registrationConfirmationPage" time="1.086" classname="com.newtours.tests.BookFlightTest"/>
  <testcase name="registrationConfirmationPage" time="1.006" classname="com.newtours.tests.BookFlightTest"/>
  <testcase name="findFlightPage" time="3.145" classname="com.newtours.tests.BookFlightTest"/>
  <testcase name="findFlightPage" time="3.072" classname="com.newtours.tests.BookFlightTest"/>
  <testcase name="registrationPage" time="5.812" classname="com.newtours.tests.BookFlightTest"/>
  <testcase name="registrationPage" time="6.462" classname="com.newtours.tests.BookFlightTest"/>
  <testcase name="flightConfirmationPage" time="1.950" classname="com.newtours.tests.BookFlightTest"/>
  <testcase name="flightConfirmationPage" time="1.710" classname="com.newtours.tests.BookFlightTest"/>
  <testcase name="registrationConfirmationPage" time="0.982" classname="com.newtours.tests.BookFlightTest"/>
  <testcase name="findFlightPage" time="3.025" classname="com.newtours.tests.BookFlightTest"/>
  <testcase name="flightConfirmationPage" time="1.594" classname="com.newtours.tests.BookFlightTest"/>
  <testcase name="flightConfirmationPage" time="1.899" classname="com.newtours.tests.BookFlightTest"/>
  <testcase name="flightDetailsPage" time="1.910" classname="com.newtours.tests.BookFlightTest"/>
</testsuite> <!-- com.newtours.tests.BookFlightTest -->
